<?xml version="1.0" encoding="UTF-8"?>
<!-- Generated by org.testng.reporters.JUnitXMLReporter -->
<testsuite hostname="DESKTOP-G2BE6GC" name="Test" tests="4" failures="0" timestamp="3 Aug 2020 09:20:26 GMT" time="0.051" errors="0">
  <testcase name="customer" time="0.013" classname="demo.Customer"/>
  <testcase name="Logout1" time="0.002" classname="demo.Logout"/>
  <testcase name="abc" time="0.005" classname="demo.ActitimeLogin"/>
  <testcase name="xyz" time="0.001" classname="demo.ActitimeLogin"/>
</testsuite> <!-- Test -->
