<?xml version="1.0" encoding="UTF-8"?>
<testng-results skipped="0" failed="0" total="1" passed="1">
  <reporter-output>
  </reporter-output>
  <suite name="Default suite" duration-ms="33235" started-at="2020-08-05T08:21:43Z" finished-at="2020-08-05T08:22:17Z">
    <groups>
    </groups>
    <test name="Default test" duration-ms="33235" started-at="2020-08-05T08:21:43Z" finished-at="2020-08-05T08:22:17Z">
      <class name="demo.Logintoacti">
        <test-method status="PASS" signature="login()[pri:0, instance:demo.Logintoacti@2d6a9952]" name="login" duration-ms="33213" started-at="2020-08-05T13:51:44Z" finished-at="2020-08-05T13:52:17Z">
          <reporter-output>
          </reporter-output>
        </test-method> <!-- login -->
      </class> <!-- demo.Logintoacti -->
    </test> <!-- Default test -->
  </suite> <!-- Default suite -->
</testng-results>
